<?xml version="1.0" encoding="UTF-8"?>
<testng-results skipped="0" failed="0" ignored="0" total="1" passed="1">
  <reporter-output>
  </reporter-output>
  <suite name="Default suite" duration-ms="65" started-at="2022-01-12T15:32:14Z" finished-at="2022-01-12T15:32:14Z">
    <groups>
    </groups>
    <test name="Default test" duration-ms="65" started-at="2022-01-12T15:32:14Z" finished-at="2022-01-12T15:32:14Z">
      <class name="com.testng.Simple_Annotation">
        <test-method status="PASS" signature="testMethod()[pri:0, instance:com.testng.Simple_Annotation@7f1302d6]" name="testMethod" duration-ms="22" started-at="2022-01-12T21:02:14Z" finished-at="2022-01-12T21:02:14Z">
          <reporter-output>
          </reporter-output>
        </test-method> <!-- testMethod -->
      </class> <!-- com.testng.Simple_Annotation -->
    </test> <!-- Default test -->
  </suite> <!-- Default suite -->
</testng-results>
